<?xml version="1.0" encoding="UTF-8"?>
<!-- Generated by org.testng.reporters.JUnitReportReporter -->
<testsuite skipped="0" hostname="DESKTOP-88PNVOO" name="digitalchannel.monassurance.UpdateCreditCardDetails" tests="1" failures="0" timestamp="2021-08-19T22:32:03 EDT" time="82.054" errors="0">
  <testcase name="updateCreditcardDetails" time="82.054" classname="digitalchannel.monassurance.UpdateCreditCardDetails"/>
  <system-out/>
</testsuite> <!-- digitalchannel.monassurance.UpdateCreditCardDetails -->
