<?xml version="1.0" encoding="UTF-8"?>
<!-- Generated by org.testng.reporters.JUnitReportReporter -->
<testsuite skipped="0" hostname="DESKTOP-88PNVOO" name="digitalchannel.monassurance.DownloadPinkCardPdfTest" tests="1" failures="0" timestamp="2021-08-26T23:11:35 EDT" time="25.756" errors="0">
  <testcase name="downloadPinkCradPdf" time="25.756" classname="digitalchannel.monassurance.DownloadPinkCardPdfTest"/>
  <system-out/>
</testsuite> <!-- digitalchannel.monassurance.DownloadPinkCardPdfTest -->
