<?xml version="1.0" encoding="UTF-8"?>
<!-- Generated by org.testng.reporters.JUnitReportReporter -->
<testsuite skipped="0" hostname="DESKTOP-88PNVOO" name="digitalchannel.monassurance.EditNextPaymentDate" tests="1" failures="0" timestamp="2021-08-19T22:33:52 EDT" time="30.448" errors="0">
  <testcase name="editNextPaymentDate" time="30.448" classname="digitalchannel.monassurance.EditNextPaymentDate"/>
  <system-out/>
</testsuite> <!-- digitalchannel.monassurance.EditNextPaymentDate -->
