<?xml version="1.0" encoding="UTF-8"?>
<!-- Generated by org.testng.reporters.JUnitReportReporter -->
<testsuite skipped="0" hostname="DESKTOP-88PNVOO" name="digitalchannel.monassurance.UpdateCreditCardDetailsTest" tests="1" failures="0" timestamp="2021-09-15T13:08:08 EDT" time="96.740" errors="0">
  <testcase name="updateCreditcardDetails" time="96.740" classname="digitalchannel.monassurance.UpdateCreditCardDetailsTest"/>
  <system-out/>
</testsuite> <!-- digitalchannel.monassurance.UpdateCreditCardDetailsTest -->
