<?xml version="1.0" encoding="UTF-8"?>
<!-- Generated by org.testng.reporters.JUnitReportReporter -->
<testsuite skipped="0" hostname="DESKTOP-88PNVOO" name="digitalchannel.monassurance.DownloadPinkCardPdfTest" tests="1" failures="0" timestamp="2021-09-15T13:08:08 EDT" time="33.648" errors="0">
  <testcase name="downloadPinkCradPdf" time="33.648" classname="digitalchannel.monassurance.DownloadPinkCardPdfTest"/>
  <system-out/>
</testsuite> <!-- digitalchannel.monassurance.DownloadPinkCardPdfTest -->
